warning: dependency (serde) specified without providing a local path, Git repository, version, or workspace dependency to use. This will be considered an error in future versions
warning: unused manifest key: dependencies.serde.verson
   Compiling h2 v0.3.22
   Compiling h2 v0.4.0
   Compiling tower-layer v0.3.2
   Compiling mime v0.3.17
   Compiling cpufeatures v0.2.11
   Compiling sha1 v0.10.6
   Compiling pin-project v1.1.3
   Compiling thiserror v1.0.52
   Compiling hyper v1.1.0
   Compiling hyper v0.14.28
   Compiling rand v0.8.5
   Compiling tokio-native-tls v0.3.1
   Compiling serde_json v1.0.108
   Compiling serde_urlencoded v0.7.1
   Compiling http-body-util v0.1.0
   Compiling sync_wrapper v0.1.2
   Compiling byteorder v1.5.0
   Compiling data-encoding v2.5.0
   Compiling utf-8 v0.7.6
   Compiling axum-core v0.4.2
   Compiling tungstenite v0.21.0
   Compiling hyper-tls v0.5.0
   Compiling hyper-util v0.1.2
   Compiling num-traits v0.2.17
   Compiling tower v0.4.13
   Compiling serde_path_to_error v0.1.14
   Compiling encoding_rs v0.8.33
   Compiling matchit v0.7.3
   Compiling memchr v2.6.4
   Compiling base64 v0.21.5
   Compiling iana-time-zone v0.1.59
   Compiling ipnet v2.9.0
   Compiling reqwest v0.11.23
   Compiling chrono v0.4.31
   Compiling axum v0.7.3
   Compiling tokio-tungstenite v0.21.0
   Compiling qq_robot v0.1.0 (/Rust/qq_robot)
warning: unused import: `std::collections::HashMap`
 --> src/qq_robot_api/websocket_api.rs:1:5
  |
1 | use std::collections::HashMap;
  |     ^^^^^^^^^^^^^^^^^^^^^^^^^
  |
  = note: `#[warn(unused_imports)]` on by default

warning: unused import: `crate::request_client`
 --> src/qq_robot_api/websocket_api.rs:3:5
  |
3 | use crate::request_client;
  |     ^^^^^^^^^^^^^^^^^^^^^

warning: function `get_wss_url` is never used
 --> src/qq_robot_api/websocket_api.rs:6:14
  |
6 | pub async fn get_wss_url() -> Result<(), Box<dyn std::error::Error>> {
  |              ^^^^^^^^^^^
  |
  = note: `#[warn(dead_code)]` on by default

warning: `qq_robot` (bin "qq_robot") generated 3 warnings (run `cargo fix --bin "qq_robot"` to apply 2 suggestions)
    Finished dev [unoptimized + debuginfo] target(s) in 4m 01s
     Running `target/debug/qq_robot`
123
